----------

Thu May 21 2020 09:24:56 GMT+0100 (British Summer Time)

'\\NAS-E5-FB-1B\Documents\1st Jake\My Website\RCNOverwatcher.github.io\RCNOverwatcher.github.io'
CMD does not support UNC paths as current directories.


----------

Thu May 21 2020 09:24:56 GMT+0100 (British Summer Time)

fatal: not a git repository (or any of the parent directories): .git


----------

Thu May 21 2020 09:24:56 GMT+0100 (British Summer Time)

fatal: not a git repository (or any of the parent directories): .git


----------

Thu May 21 2020 09:24:56 GMT+0100 (British Summer Time)

fatal: not a git repository (or any of the parent directories): .git


----------

Thu May 21 2020 09:27:05 GMT+0100 (British Summer Time)

'\\NAS-E5-FB-1B\Documents\1st Jake\My Website\RCNOverwatcher.github.io\RCNOverwatcher.github.io'
CMD does not support UNC paths as current directories.


----------

Thu May 21 2020 09:27:05 GMT+0100 (British Summer Time)

fatal: not a git repository (or any of the parent directories): .git


----------

Thu May 21 2020 09:27:05 GMT+0100 (British Summer Time)

fatal: not a git repository (or any of the parent directories): .git


----------

Thu May 21 2020 09:27:05 GMT+0100 (British Summer Time)

fatal: not a git repository (or any of the parent directories): .git


----------

Thu May 21 2020 09:44:32 GMT+0100 (British Summer Time)

'\\NAS-E5-FB-1B\Documents\1st Jake\My Website\RCNOverwatcher.github.io\RCNOverwatcher.github.io'
CMD does not support UNC paths as current directories.


----------

Thu May 21 2020 09:44:32 GMT+0100 (British Summer Time)

fatal: not a git repository (or any of the parent directories): .git


----------

Thu May 21 2020 09:44:32 GMT+0100 (British Summer Time)

fatal: not a git repository (or any of the parent directories): .git


----------

Thu May 21 2020 09:44:32 GMT+0100 (British Summer Time)

fatal: not a git repository (or any of the parent directories): .git


----------

Thu May 21 2020 10:08:49 GMT+0100 (British Summer Time)

'\\NAS-E5-FB-1B\Documents\1st Jake\My Website\RCNOverwatcher.github.io\RCNOverwatcher.github.io'
CMD does not support UNC paths as current directories.


----------

Thu May 21 2020 10:08:49 GMT+0100 (British Summer Time)

fatal: not a git repository (or any of the parent directories): .git


----------

Thu May 21 2020 10:08:49 GMT+0100 (British Summer Time)

fatal: not a git repository (or any of the parent directories): .git


----------

Thu May 21 2020 10:08:49 GMT+0100 (British Summer Time)

fatal: not a git repository (or any of the parent directories): .git


----------

Thu May 21 2020 10:22:38 GMT+0100 (British Summer Time)

'\\NAS-E5-FB-1B\Documents\1st Jake\My Website\RCNOverwatcher.github.io\RCNOverwatcher.github.io'
CMD does not support UNC paths as current directories.


----------

Thu May 21 2020 10:22:39 GMT+0100 (British Summer Time)

fatal: not a git repository (or any of the parent directories): .git


----------

Thu May 21 2020 10:22:39 GMT+0100 (British Summer Time)

fatal: not a git repository (or any of the parent directories): .git


----------

Thu May 21 2020 10:22:39 GMT+0100 (British Summer Time)

fatal: not a git repository (or any of the parent directories): .git


----------

Thu May 21 2020 10:26:21 GMT+0100 (British Summer Time)

'\\NAS-E5-FB-1B\Documents\1st Jake\My Website\RCNOverwatcher.github.io\RCNOverwatcher.github.io'
CMD does not support UNC paths as current directories.


----------

Thu May 21 2020 10:26:22 GMT+0100 (British Summer Time)

fatal: not a git repository (or any of the parent directories): .git


----------

Thu May 21 2020 10:26:23 GMT+0100 (British Summer Time)

fatal: not a git repository (or any of the parent directories): .git


----------

Thu May 21 2020 10:26:23 GMT+0100 (British Summer Time)

fatal: not a git repository (or any of the parent directories): .git


----------

Thu May 21 2020 11:18:06 GMT+0100 (British Summer Time)

'\\NAS-E5-FB-1B\Documents\1st Jake\My Website\RCNOverwatcher.github.io\RCNOverwatcher.github.io'
CMD does not support UNC paths as current directories.


----------

Thu May 21 2020 11:18:06 GMT+0100 (British Summer Time)

fatal: not a git repository (or any of the parent directories): .git


----------

Thu May 21 2020 11:18:06 GMT+0100 (British Summer Time)

fatal: not a git repository (or any of the parent directories): .git


----------

Thu May 21 2020 11:18:06 GMT+0100 (British Summer Time)

fatal: not a git repository (or any of the parent directories): .git


